TN:
SF:/Users/admin/Desktop/AjitTest/Test/noviCop_coding_challenge/noviCopRetailApp/src/app.ts
FN:13,(anonymous_0)
FN:19,(anonymous_1)
FN:26,(anonymous_2)
FN:33,(anonymous_3)
FN:34,(anonymous_4)
FN:35,(anonymous_5)
FNF:6
FNH:6
FNDA:2,(anonymous_0)
FNDA:41,(anonymous_1)
FNDA:11,(anonymous_2)
FNDA:40,(anonymous_3)
FNDA:40,(anonymous_4)
FNDA:40,(anonymous_5)
DA:1,1
DA:2,1
DA:3,1
DA:4,1
DA:5,1
DA:7,1
DA:14,2
DA:15,2
DA:20,41
DA:21,40
DA:27,11
DA:28,11
DA:29,11
DA:30,11
DA:32,11
DA:33,40
DA:34,40
DA:35,40
DA:37,10
DA:38,9
DA:39,9
DA:42,10
DA:43,8
DA:44,8
DA:47,10
DA:48,4
DA:49,4
DA:52,10
DA:53,10
DA:55,11
DA:61,1
DA:62,1
DA:63,1
DA:64,1
DA:65,1
DA:66,1
DA:67,1
DA:68,1
DA:69,1
DA:71,1
DA:72,1
DA:73,1
DA:74,1
DA:75,1
DA:76,1
DA:78,1
DA:80,1
DA:81,1
DA:82,1
DA:83,1
DA:84,1
DA:85,1
DA:86,1
DA:87,1
DA:89,1
DA:91,1
DA:92,1
DA:93,1
DA:94,1
DA:95,1
DA:96,1
DA:97,1
DA:98,1
DA:99,1
DA:100,1
LF:65
LH:65
BRDA:20,0,0,40
BRDA:20,0,1,1
BRDA:20,1,0,41
BRDA:20,1,1,40
BRDA:32,2,0,10
BRDA:32,2,1,1
BRDA:32,3,0,11
BRDA:32,3,1,11
BRDA:37,4,0,9
BRDA:37,4,1,1
BRDA:42,5,0,8
BRDA:42,5,1,2
BRDA:47,6,0,4
BRDA:47,6,1,6
BRF:14
BRH:14
end_of_record
TN:
SF:/Users/admin/Desktop/AjitTest/Test/noviCop_coding_challenge/noviCopRetailApp/src/product.ts
FN:5,(anonymous_0)
FN:8,(anonymous_1)
FN:12,(anonymous_2)
FNF:3
FNH:3
FNDA:2,(anonymous_0)
FNDA:21,(anonymous_1)
FNDA:21,(anonymous_2)
DA:2,1
DA:9,21
DA:13,21
LF:3
LH:3
BRF:0
BRH:0
end_of_record
TN:
SF:/Users/admin/Desktop/AjitTest/Test/noviCop_coding_challenge/noviCopRetailApp/src/services/mug.ts
FN:6,(anonymous_0)
FN:9,(anonymous_1)
FNF:2
FNH:2
FNDA:4,(anonymous_0)
FNDA:4,(anonymous_1)
DA:2,1
DA:4,1
DA:10,4
DA:11,4
DA:12,4
LF:5
LH:5
BRF:0
BRH:0
end_of_record
TN:
SF:/Users/admin/Desktop/AjitTest/Test/noviCop_coding_challenge/noviCopRetailApp/src/services/tshirt.ts
FN:6,(anonymous_0)
FN:9,(anonymous_1)
FNF:2
FNH:2
FNDA:8,(anonymous_0)
FNDA:8,(anonymous_1)
DA:2,1
DA:4,1
DA:10,8
DA:11,8
DA:12,8
DA:14,8
DA:15,4
DA:17,4
DA:19,8
LF:9
LH:9
BRDA:14,0,0,4
BRDA:14,0,1,4
BRF:2
BRH:2
end_of_record
TN:
SF:/Users/admin/Desktop/AjitTest/Test/noviCop_coding_challenge/noviCopRetailApp/src/services/voucher.ts
FN:6,(anonymous_0)
FN:9,(anonymous_1)
FNF:2
FNH:2
FNDA:9,(anonymous_0)
FNDA:9,(anonymous_1)
DA:2,1
DA:4,1
DA:9,9
DA:10,9
DA:11,9
DA:12,9
DA:14,9
DA:15,5
DA:16,5
DA:18,4
DA:19,4
DA:21,9
LF:12
LH:12
BRDA:14,0,0,5
BRDA:14,0,1,4
BRDA:14,1,0,9
BRDA:14,1,1,9
BRF:4
BRH:4
end_of_record
TN:
SF:/Users/admin/Desktop/AjitTest/Test/noviCop_coding_challenge/noviCopRetailApp/tests/app.test.ts
FN:5,(anonymous_0)
FN:8,(anonymous_1)
FN:11,(anonymous_2)
FN:17,(anonymous_3)
FN:23,(anonymous_4)
FN:31,(anonymous_5)
FN:39,(anonymous_6)
FN:48,(anonymous_7)
FN:57,(anonymous_8)
FNF:9
FNH:9
FNDA:1,(anonymous_0)
FNDA:1,(anonymous_1)
FNDA:1,(anonymous_2)
FNDA:1,(anonymous_3)
FNDA:1,(anonymous_4)
FNDA:1,(anonymous_5)
FNDA:1,(anonymous_6)
FNDA:1,(anonymous_7)
FNDA:1,(anonymous_8)
DA:2,1
DA:4,1
DA:5,1
DA:7,1
DA:8,1
DA:9,1
DA:11,1
DA:12,1
DA:13,1
DA:14,1
DA:17,1
DA:18,1
DA:19,1
DA:20,1
DA:23,1
DA:24,1
DA:25,1
DA:26,1
DA:27,1
DA:28,1
DA:31,1
DA:32,1
DA:33,1
DA:34,1
DA:35,1
DA:36,1
DA:39,1
DA:40,1
DA:41,1
DA:42,1
DA:43,1
DA:44,1
DA:45,1
DA:48,1
DA:49,1
DA:50,1
DA:51,1
DA:52,1
DA:53,1
DA:54,1
DA:57,1
DA:58,1
DA:59,1
DA:60,1
DA:61,1
DA:62,1
DA:63,1
DA:64,1
DA:65,1
DA:66,1
LF:50
LH:50
BRF:0
BRH:0
end_of_record
